The system is: Darwin - 13.4.0 - x86_64
Compiling the C compiler identification source file "CMakeCCompilerId.c" succeeded.
Compiler: /Library/Developer/CommandLineTools/usr/bin/cc 
Build flags: 
Id flags: 

The output was:
0


Compilation of the C compiler identification source "CMakeCCompilerId.c" produced "a.out"

The C compiler identification is AppleClang, found in "/Users/Kousik/meta/build/CMakeFiles/3.6.2/CompilerIdC/a.out"

Compiling the CXX compiler identification source file "CMakeCXXCompilerId.cpp" succeeded.
Compiler: /Library/Developer/CommandLineTools/usr/bin/clang++ 
Build flags: 
Id flags: 

The output was:
0


Compilation of the CXX compiler identification source "CMakeCXXCompilerId.cpp" produced "a.out"

The CXX compiler identification is AppleClang, found in "/Users/Kousik/meta/build/CMakeFiles/3.6.2/CompilerIdCXX/a.out"

Determining if the C compiler works passed with the following output:
Change Dir: /Users/Kousik/meta/build/CMakeFiles/CMakeTmp

Run Build Command:"/usr/bin/make" "cmTC_13420/fast"
/Library/Developer/CommandLineTools/usr/bin/make -f CMakeFiles/cmTC_13420.dir/build.make CMakeFiles/cmTC_13420.dir/build
Building C object CMakeFiles/cmTC_13420.dir/testCCompiler.c.o
/Library/Developer/CommandLineTools/usr/bin/cc     -o CMakeFiles/cmTC_13420.dir/testCCompiler.c.o   -c /Users/Kousik/meta/build/CMakeFiles/CMakeTmp/testCCompiler.c
Linking C executable cmTC_13420
/usr/local/Cellar/cmake/3.6.2/bin/cmake -E cmake_link_script CMakeFiles/cmTC_13420.dir/link.txt --verbose=1
/Library/Developer/CommandLineTools/usr/bin/cc    -Wl,-search_paths_first -Wl,-headerpad_max_install_names   CMakeFiles/cmTC_13420.dir/testCCompiler.c.o  -o cmTC_13420  


Detecting C compiler ABI info compiled with the following output:
Change Dir: /Users/Kousik/meta/build/CMakeFiles/CMakeTmp

Run Build Command:"/usr/bin/make" "cmTC_29b51/fast"
/Library/Developer/CommandLineTools/usr/bin/make -f CMakeFiles/cmTC_29b51.dir/build.make CMakeFiles/cmTC_29b51.dir/build
Building C object CMakeFiles/cmTC_29b51.dir/CMakeCCompilerABI.c.o
/Library/Developer/CommandLineTools/usr/bin/cc     -o CMakeFiles/cmTC_29b51.dir/CMakeCCompilerABI.c.o   -c /usr/local/Cellar/cmake/3.6.2/share/cmake/Modules/CMakeCCompilerABI.c
Linking C executable cmTC_29b51
/usr/local/Cellar/cmake/3.6.2/bin/cmake -E cmake_link_script CMakeFiles/cmTC_29b51.dir/link.txt --verbose=1
/Library/Developer/CommandLineTools/usr/bin/cc    -Wl,-search_paths_first -Wl,-headerpad_max_install_names  -v -Wl,-v CMakeFiles/cmTC_29b51.dir/CMakeCCompilerABI.c.o  -o cmTC_29b51   
Apple LLVM version 6.0 (clang-600.0.57) (based on LLVM 3.5svn)
Target: x86_64-apple-darwin13.4.0
Thread model: posix
 "/Library/Developer/CommandLineTools/usr/bin/ld" -demangle -dynamic -arch x86_64 -macosx_version_min 10.9.0 -o cmTC_29b51 -search_paths_first -headerpad_max_install_names -v CMakeFiles/cmTC_29b51.dir/CMakeCCompilerABI.c.o -lSystem /Library/Developer/CommandLineTools/usr/bin/../lib/clang/6.0/lib/darwin/libclang_rt.osx.a
@(#)PROGRAM:ld  PROJECT:ld64-241.9
configured to support archs: armv6 armv7 armv7s arm64 i386 x86_64 x86_64h armv6m armv7m armv7em
Library search paths:
	/usr/lib
	/usr/local/lib
Framework search paths:
	/Library/Frameworks/
	/System/Library/Frameworks/


Parsed C implicit link information from above output:
  link line regex: [^( *|.*[/\])(ld|([^/\]+-)?ld|collect2)[^/\]*( |$)]
  ignore line: [Change Dir: /Users/Kousik/meta/build/CMakeFiles/CMakeTmp]
  ignore line: []
  ignore line: [Run Build Command:"/usr/bin/make" "cmTC_29b51/fast"]
  ignore line: [/Library/Developer/CommandLineTools/usr/bin/make -f CMakeFiles/cmTC_29b51.dir/build.make CMakeFiles/cmTC_29b51.dir/build]
  ignore line: [Building C object CMakeFiles/cmTC_29b51.dir/CMakeCCompilerABI.c.o]
  ignore line: [/Library/Developer/CommandLineTools/usr/bin/cc     -o CMakeFiles/cmTC_29b51.dir/CMakeCCompilerABI.c.o   -c /usr/local/Cellar/cmake/3.6.2/share/cmake/Modules/CMakeCCompilerABI.c]
  ignore line: [Linking C executable cmTC_29b51]
  ignore line: [/usr/local/Cellar/cmake/3.6.2/bin/cmake -E cmake_link_script CMakeFiles/cmTC_29b51.dir/link.txt --verbose=1]
  ignore line: [/Library/Developer/CommandLineTools/usr/bin/cc    -Wl,-search_paths_first -Wl,-headerpad_max_install_names  -v -Wl,-v CMakeFiles/cmTC_29b51.dir/CMakeCCompilerABI.c.o  -o cmTC_29b51   ]
  ignore line: [Apple LLVM version 6.0 (clang-600.0.57) (based on LLVM 3.5svn)]
  ignore line: [Target: x86_64-apple-darwin13.4.0]
  ignore line: [Thread model: posix]
  link line: [ "/Library/Developer/CommandLineTools/usr/bin/ld" -demangle -dynamic -arch x86_64 -macosx_version_min 10.9.0 -o cmTC_29b51 -search_paths_first -headerpad_max_install_names -v CMakeFiles/cmTC_29b51.dir/CMakeCCompilerABI.c.o -lSystem /Library/Developer/CommandLineTools/usr/bin/../lib/clang/6.0/lib/darwin/libclang_rt.osx.a]
    arg [/Library/Developer/CommandLineTools/usr/bin/ld] ==> ignore
    arg [-demangle] ==> ignore
    arg [-dynamic] ==> ignore
    arg [-arch] ==> ignore
    arg [x86_64] ==> ignore
    arg [-macosx_version_min] ==> ignore
    arg [10.9.0] ==> ignore
    arg [-o] ==> ignore
    arg [cmTC_29b51] ==> ignore
    arg [-search_paths_first] ==> ignore
    arg [-headerpad_max_install_names] ==> ignore
    arg [-v] ==> ignore
    arg [CMakeFiles/cmTC_29b51.dir/CMakeCCompilerABI.c.o] ==> ignore
    arg [-lSystem] ==> lib [System]
    arg [/Library/Developer/CommandLineTools/usr/bin/../lib/clang/6.0/lib/darwin/libclang_rt.osx.a] ==> lib [/Library/Developer/CommandLineTools/usr/bin/../lib/clang/6.0/lib/darwin/libclang_rt.osx.a]
  Library search paths: [;/usr/lib;/usr/local/lib]
  Framework search paths: [;/Library/Frameworks/;/System/Library/Frameworks/]
  remove lib [System]
  collapse lib [/Library/Developer/CommandLineTools/usr/bin/../lib/clang/6.0/lib/darwin/libclang_rt.osx.a] ==> [/Library/Developer/CommandLineTools/usr/lib/clang/6.0/lib/darwin/libclang_rt.osx.a]
  collapse library dir [/usr/lib] ==> [/usr/lib]
  collapse library dir [/usr/local/lib] ==> [/usr/local/lib]
  collapse framework dir [/Library/Frameworks/] ==> [/Library/Frameworks]
  collapse framework dir [/System/Library/Frameworks/] ==> [/System/Library/Frameworks]
  implicit libs: [/Library/Developer/CommandLineTools/usr/lib/clang/6.0/lib/darwin/libclang_rt.osx.a]
  implicit dirs: [/usr/lib;/usr/local/lib]
  implicit fwks: [/Library/Frameworks;/System/Library/Frameworks]




Detecting C [-std=c11] compiler features compiled with the following output:
Change Dir: /Users/Kousik/meta/build/CMakeFiles/CMakeTmp

Run Build Command:"/usr/bin/make" "cmTC_f10a1/fast"
/Library/Developer/CommandLineTools/usr/bin/make -f CMakeFiles/cmTC_f10a1.dir/build.make CMakeFiles/cmTC_f10a1.dir/build
Building C object CMakeFiles/cmTC_f10a1.dir/feature_tests.c.o
/Library/Developer/CommandLineTools/usr/bin/cc    -std=c11 -o CMakeFiles/cmTC_f10a1.dir/feature_tests.c.o   -c /Users/Kousik/meta/build/CMakeFiles/feature_tests.c
Linking C executable cmTC_f10a1
/usr/local/Cellar/cmake/3.6.2/bin/cmake -E cmake_link_script CMakeFiles/cmTC_f10a1.dir/link.txt --verbose=1
/Library/Developer/CommandLineTools/usr/bin/cc    -Wl,-search_paths_first -Wl,-headerpad_max_install_names   CMakeFiles/cmTC_f10a1.dir/feature_tests.c.o  -o cmTC_f10a1  


    Feature record: C_FEATURE:1c_function_prototypes
    Feature record: C_FEATURE:1c_restrict
    Feature record: C_FEATURE:1c_static_assert
    Feature record: C_FEATURE:1c_variadic_macros


Detecting C [-std=c99] compiler features compiled with the following output:
Change Dir: /Users/Kousik/meta/build/CMakeFiles/CMakeTmp

Run Build Command:"/usr/bin/make" "cmTC_44435/fast"
/Library/Developer/CommandLineTools/usr/bin/make -f CMakeFiles/cmTC_44435.dir/build.make CMakeFiles/cmTC_44435.dir/build
Building C object CMakeFiles/cmTC_44435.dir/feature_tests.c.o
/Library/Developer/CommandLineTools/usr/bin/cc    -std=c99 -o CMakeFiles/cmTC_44435.dir/feature_tests.c.o   -c /Users/Kousik/meta/build/CMakeFiles/feature_tests.c
Linking C executable cmTC_44435
/usr/local/Cellar/cmake/3.6.2/bin/cmake -E cmake_link_script CMakeFiles/cmTC_44435.dir/link.txt --verbose=1
/Library/Developer/CommandLineTools/usr/bin/cc    -Wl,-search_paths_first -Wl,-headerpad_max_install_names   CMakeFiles/cmTC_44435.dir/feature_tests.c.o  -o cmTC_44435  


    Feature record: C_FEATURE:1c_function_prototypes
    Feature record: C_FEATURE:1c_restrict
    Feature record: C_FEATURE:0c_static_assert
    Feature record: C_FEATURE:1c_variadic_macros


Detecting C [-std=c90] compiler features compiled with the following output:
Change Dir: /Users/Kousik/meta/build/CMakeFiles/CMakeTmp

Run Build Command:"/usr/bin/make" "cmTC_f1037/fast"
/Library/Developer/CommandLineTools/usr/bin/make -f CMakeFiles/cmTC_f1037.dir/build.make CMakeFiles/cmTC_f1037.dir/build
Building C object CMakeFiles/cmTC_f1037.dir/feature_tests.c.o
/Library/Developer/CommandLineTools/usr/bin/cc    -std=c90 -o CMakeFiles/cmTC_f1037.dir/feature_tests.c.o   -c /Users/Kousik/meta/build/CMakeFiles/feature_tests.c
Linking C executable cmTC_f1037
/usr/local/Cellar/cmake/3.6.2/bin/cmake -E cmake_link_script CMakeFiles/cmTC_f1037.dir/link.txt --verbose=1
/Library/Developer/CommandLineTools/usr/bin/cc    -Wl,-search_paths_first -Wl,-headerpad_max_install_names   CMakeFiles/cmTC_f1037.dir/feature_tests.c.o  -o cmTC_f1037  


    Feature record: C_FEATURE:1c_function_prototypes
    Feature record: C_FEATURE:0c_restrict
    Feature record: C_FEATURE:0c_static_assert
    Feature record: C_FEATURE:0c_variadic_macros
Determining if the CXX compiler works passed with the following output:
Change Dir: /Users/Kousik/meta/build/CMakeFiles/CMakeTmp

Run Build Command:"/usr/bin/make" "cmTC_21e24/fast"
/Library/Developer/CommandLineTools/usr/bin/make -f CMakeFiles/cmTC_21e24.dir/build.make CMakeFiles/cmTC_21e24.dir/build
Building CXX object CMakeFiles/cmTC_21e24.dir/testCXXCompiler.cxx.o
/Library/Developer/CommandLineTools/usr/bin/clang++      -o CMakeFiles/cmTC_21e24.dir/testCXXCompiler.cxx.o -c /Users/Kousik/meta/build/CMakeFiles/CMakeTmp/testCXXCompiler.cxx
Linking CXX executable cmTC_21e24
/usr/local/Cellar/cmake/3.6.2/bin/cmake -E cmake_link_script CMakeFiles/cmTC_21e24.dir/link.txt --verbose=1
/Library/Developer/CommandLineTools/usr/bin/clang++     -Wl,-search_paths_first -Wl,-headerpad_max_install_names   CMakeFiles/cmTC_21e24.dir/testCXXCompiler.cxx.o  -o cmTC_21e24  


Detecting CXX compiler ABI info compiled with the following output:
Change Dir: /Users/Kousik/meta/build/CMakeFiles/CMakeTmp

Run Build Command:"/usr/bin/make" "cmTC_06363/fast"
/Library/Developer/CommandLineTools/usr/bin/make -f CMakeFiles/cmTC_06363.dir/build.make CMakeFiles/cmTC_06363.dir/build
Building CXX object CMakeFiles/cmTC_06363.dir/CMakeCXXCompilerABI.cpp.o
/Library/Developer/CommandLineTools/usr/bin/clang++      -o CMakeFiles/cmTC_06363.dir/CMakeCXXCompilerABI.cpp.o -c /usr/local/Cellar/cmake/3.6.2/share/cmake/Modules/CMakeCXXCompilerABI.cpp
Linking CXX executable cmTC_06363
/usr/local/Cellar/cmake/3.6.2/bin/cmake -E cmake_link_script CMakeFiles/cmTC_06363.dir/link.txt --verbose=1
/Library/Developer/CommandLineTools/usr/bin/clang++     -Wl,-search_paths_first -Wl,-headerpad_max_install_names  -v -Wl,-v CMakeFiles/cmTC_06363.dir/CMakeCXXCompilerABI.cpp.o  -o cmTC_06363   
Apple LLVM version 6.0 (clang-600.0.57) (based on LLVM 3.5svn)
Target: x86_64-apple-darwin13.4.0
Thread model: posix
 "/Library/Developer/CommandLineTools/usr/bin/ld" -demangle -dynamic -arch x86_64 -macosx_version_min 10.9.0 -o cmTC_06363 -search_paths_first -headerpad_max_install_names -v CMakeFiles/cmTC_06363.dir/CMakeCXXCompilerABI.cpp.o -lc++ -lSystem /Library/Developer/CommandLineTools/usr/bin/../lib/clang/6.0/lib/darwin/libclang_rt.osx.a
@(#)PROGRAM:ld  PROJECT:ld64-241.9
configured to support archs: armv6 armv7 armv7s arm64 i386 x86_64 x86_64h armv6m armv7m armv7em
Library search paths:
	/usr/lib
	/usr/local/lib
Framework search paths:
	/Library/Frameworks/
	/System/Library/Frameworks/


Parsed CXX implicit link information from above output:
  link line regex: [^( *|.*[/\])(ld|([^/\]+-)?ld|collect2)[^/\]*( |$)]
  ignore line: [Change Dir: /Users/Kousik/meta/build/CMakeFiles/CMakeTmp]
  ignore line: []
  ignore line: [Run Build Command:"/usr/bin/make" "cmTC_06363/fast"]
  ignore line: [/Library/Developer/CommandLineTools/usr/bin/make -f CMakeFiles/cmTC_06363.dir/build.make CMakeFiles/cmTC_06363.dir/build]
  ignore line: [Building CXX object CMakeFiles/cmTC_06363.dir/CMakeCXXCompilerABI.cpp.o]
  ignore line: [/Library/Developer/CommandLineTools/usr/bin/clang++      -o CMakeFiles/cmTC_06363.dir/CMakeCXXCompilerABI.cpp.o -c /usr/local/Cellar/cmake/3.6.2/share/cmake/Modules/CMakeCXXCompilerABI.cpp]
  ignore line: [Linking CXX executable cmTC_06363]
  ignore line: [/usr/local/Cellar/cmake/3.6.2/bin/cmake -E cmake_link_script CMakeFiles/cmTC_06363.dir/link.txt --verbose=1]
  ignore line: [/Library/Developer/CommandLineTools/usr/bin/clang++     -Wl,-search_paths_first -Wl,-headerpad_max_install_names  -v -Wl,-v CMakeFiles/cmTC_06363.dir/CMakeCXXCompilerABI.cpp.o  -o cmTC_06363   ]
  ignore line: [Apple LLVM version 6.0 (clang-600.0.57) (based on LLVM 3.5svn)]
  ignore line: [Target: x86_64-apple-darwin13.4.0]
  ignore line: [Thread model: posix]
  link line: [ "/Library/Developer/CommandLineTools/usr/bin/ld" -demangle -dynamic -arch x86_64 -macosx_version_min 10.9.0 -o cmTC_06363 -search_paths_first -headerpad_max_install_names -v CMakeFiles/cmTC_06363.dir/CMakeCXXCompilerABI.cpp.o -lc++ -lSystem /Library/Developer/CommandLineTools/usr/bin/../lib/clang/6.0/lib/darwin/libclang_rt.osx.a]
    arg [/Library/Developer/CommandLineTools/usr/bin/ld] ==> ignore
    arg [-demangle] ==> ignore
    arg [-dynamic] ==> ignore
    arg [-arch] ==> ignore
    arg [x86_64] ==> ignore
    arg [-macosx_version_min] ==> ignore
    arg [10.9.0] ==> ignore
    arg [-o] ==> ignore
    arg [cmTC_06363] ==> ignore
    arg [-search_paths_first] ==> ignore
    arg [-headerpad_max_install_names] ==> ignore
    arg [-v] ==> ignore
    arg [CMakeFiles/cmTC_06363.dir/CMakeCXXCompilerABI.cpp.o] ==> ignore
    arg [-lc++] ==> lib [c++]
    arg [-lSystem] ==> lib [System]
    arg [/Library/Developer/CommandLineTools/usr/bin/../lib/clang/6.0/lib/darwin/libclang_rt.osx.a] ==> lib [/Library/Developer/CommandLineTools/usr/bin/../lib/clang/6.0/lib/darwin/libclang_rt.osx.a]
  Library search paths: [;/usr/lib;/usr/local/lib]
  Framework search paths: [;/Library/Frameworks/;/System/Library/Frameworks/]
  remove lib [System]
  collapse lib [/Library/Developer/CommandLineTools/usr/bin/../lib/clang/6.0/lib/darwin/libclang_rt.osx.a] ==> [/Library/Developer/CommandLineTools/usr/lib/clang/6.0/lib/darwin/libclang_rt.osx.a]
  collapse library dir [/usr/lib] ==> [/usr/lib]
  collapse library dir [/usr/local/lib] ==> [/usr/local/lib]
  collapse framework dir [/Library/Frameworks/] ==> [/Library/Frameworks]
  collapse framework dir [/System/Library/Frameworks/] ==> [/System/Library/Frameworks]
  implicit libs: [c++;/Library/Developer/CommandLineTools/usr/lib/clang/6.0/lib/darwin/libclang_rt.osx.a]
  implicit dirs: [/usr/lib;/usr/local/lib]
  implicit fwks: [/Library/Frameworks;/System/Library/Frameworks]




Detecting CXX [-std=c++1y] compiler features compiled with the following output:
Change Dir: /Users/Kousik/meta/build/CMakeFiles/CMakeTmp

Run Build Command:"/usr/bin/make" "cmTC_cb60e/fast"
/Library/Developer/CommandLineTools/usr/bin/make -f CMakeFiles/cmTC_cb60e.dir/build.make CMakeFiles/cmTC_cb60e.dir/build
Building CXX object CMakeFiles/cmTC_cb60e.dir/feature_tests.cxx.o
/Library/Developer/CommandLineTools/usr/bin/clang++     -std=c++1y -o CMakeFiles/cmTC_cb60e.dir/feature_tests.cxx.o -c /Users/Kousik/meta/build/CMakeFiles/feature_tests.cxx
Linking CXX executable cmTC_cb60e
/usr/local/Cellar/cmake/3.6.2/bin/cmake -E cmake_link_script CMakeFiles/cmTC_cb60e.dir/link.txt --verbose=1
/Library/Developer/CommandLineTools/usr/bin/clang++     -Wl,-search_paths_first -Wl,-headerpad_max_install_names   CMakeFiles/cmTC_cb60e.dir/feature_tests.cxx.o  -o cmTC_cb60e  


    Feature record: CXX_FEATURE:1cxx_aggregate_default_initializers
    Feature record: CXX_FEATURE:1cxx_alias_templates
    Feature record: CXX_FEATURE:1cxx_alignas
    Feature record: CXX_FEATURE:1cxx_alignof
    Feature record: CXX_FEATURE:1cxx_attributes
    Feature record: CXX_FEATURE:1cxx_attribute_deprecated
    Feature record: CXX_FEATURE:1cxx_auto_type
    Feature record: CXX_FEATURE:1cxx_binary_literals
    Feature record: CXX_FEATURE:1cxx_constexpr
    Feature record: CXX_FEATURE:1cxx_contextual_conversions
    Feature record: CXX_FEATURE:1cxx_decltype
    Feature record: CXX_FEATURE:1cxx_decltype_auto
    Feature record: CXX_FEATURE:1cxx_decltype_incomplete_return_types
    Feature record: CXX_FEATURE:1cxx_default_function_template_args
    Feature record: CXX_FEATURE:1cxx_defaulted_functions
    Feature record: CXX_FEATURE:1cxx_defaulted_move_initializers
    Feature record: CXX_FEATURE:1cxx_delegating_constructors
    Feature record: CXX_FEATURE:1cxx_deleted_functions
    Feature record: CXX_FEATURE:1cxx_digit_separators
    Feature record: CXX_FEATURE:1cxx_enum_forward_declarations
    Feature record: CXX_FEATURE:1cxx_explicit_conversions
    Feature record: CXX_FEATURE:1cxx_extended_friend_declarations
    Feature record: CXX_FEATURE:1cxx_extern_templates
    Feature record: CXX_FEATURE:1cxx_final
    Feature record: CXX_FEATURE:1cxx_func_identifier
    Feature record: CXX_FEATURE:1cxx_generalized_initializers
    Feature record: CXX_FEATURE:1cxx_generic_lambdas
    Feature record: CXX_FEATURE:1cxx_inheriting_constructors
    Feature record: CXX_FEATURE:1cxx_inline_namespaces
    Feature record: CXX_FEATURE:1cxx_lambdas
    Feature record: CXX_FEATURE:1cxx_lambda_init_captures
    Feature record: CXX_FEATURE:1cxx_local_type_template_args
    Feature record: CXX_FEATURE:1cxx_long_long_type
    Feature record: CXX_FEATURE:1cxx_noexcept
    Feature record: CXX_FEATURE:1cxx_nonstatic_member_init
    Feature record: CXX_FEATURE:1cxx_nullptr
    Feature record: CXX_FEATURE:1cxx_override
    Feature record: CXX_FEATURE:1cxx_range_for
    Feature record: CXX_FEATURE:1cxx_raw_string_literals
    Feature record: CXX_FEATURE:1cxx_reference_qualified_functions
    Feature record: CXX_FEATURE:1cxx_relaxed_constexpr
    Feature record: CXX_FEATURE:1cxx_return_type_deduction
    Feature record: CXX_FEATURE:1cxx_right_angle_brackets
    Feature record: CXX_FEATURE:1cxx_rvalue_references
    Feature record: CXX_FEATURE:1cxx_sizeof_member
    Feature record: CXX_FEATURE:1cxx_static_assert
    Feature record: CXX_FEATURE:1cxx_strong_enums
    Feature record: CXX_FEATURE:1cxx_template_template_parameters
    Feature record: CXX_FEATURE:0cxx_thread_local
    Feature record: CXX_FEATURE:1cxx_trailing_return_types
    Feature record: CXX_FEATURE:1cxx_unicode_literals
    Feature record: CXX_FEATURE:1cxx_uniform_initialization
    Feature record: CXX_FEATURE:1cxx_unrestricted_unions
    Feature record: CXX_FEATURE:1cxx_user_literals
    Feature record: CXX_FEATURE:1cxx_variable_templates
    Feature record: CXX_FEATURE:1cxx_variadic_macros
    Feature record: CXX_FEATURE:1cxx_variadic_templates


Detecting CXX [-std=c++11] compiler features compiled with the following output:
Change Dir: /Users/Kousik/meta/build/CMakeFiles/CMakeTmp

Run Build Command:"/usr/bin/make" "cmTC_48c35/fast"
/Library/Developer/CommandLineTools/usr/bin/make -f CMakeFiles/cmTC_48c35.dir/build.make CMakeFiles/cmTC_48c35.dir/build
Building CXX object CMakeFiles/cmTC_48c35.dir/feature_tests.cxx.o
/Library/Developer/CommandLineTools/usr/bin/clang++     -std=c++11 -o CMakeFiles/cmTC_48c35.dir/feature_tests.cxx.o -c /Users/Kousik/meta/build/CMakeFiles/feature_tests.cxx
Linking CXX executable cmTC_48c35
/usr/local/Cellar/cmake/3.6.2/bin/cmake -E cmake_link_script CMakeFiles/cmTC_48c35.dir/link.txt --verbose=1
/Library/Developer/CommandLineTools/usr/bin/clang++     -Wl,-search_paths_first -Wl,-headerpad_max_install_names   CMakeFiles/cmTC_48c35.dir/feature_tests.cxx.o  -o cmTC_48c35  


    Feature record: CXX_FEATURE:0cxx_aggregate_default_initializers
    Feature record: CXX_FEATURE:1cxx_alias_templates
    Feature record: CXX_FEATURE:1cxx_alignas
    Feature record: CXX_FEATURE:1cxx_alignof
    Feature record: CXX_FEATURE:1cxx_attributes
    Feature record: CXX_FEATURE:0cxx_attribute_deprecated
    Feature record: CXX_FEATURE:1cxx_auto_type
    Feature record: CXX_FEATURE:0cxx_binary_literals
    Feature record: CXX_FEATURE:1cxx_constexpr
    Feature record: CXX_FEATURE:0cxx_contextual_conversions
    Feature record: CXX_FEATURE:1cxx_decltype
    Feature record: CXX_FEATURE:0cxx_decltype_auto
    Feature record: CXX_FEATURE:1cxx_decltype_incomplete_return_types
    Feature record: CXX_FEATURE:1cxx_default_function_template_args
    Feature record: CXX_FEATURE:1cxx_defaulted_functions
    Feature record: CXX_FEATURE:1cxx_defaulted_move_initializers
    Feature record: CXX_FEATURE:1cxx_delegating_constructors
    Feature record: CXX_FEATURE:1cxx_deleted_functions
    Feature record: CXX_FEATURE:0cxx_digit_separators
    Feature record: CXX_FEATURE:1cxx_enum_forward_declarations
    Feature record: CXX_FEATURE:1cxx_explicit_conversions
    Feature record: CXX_FEATURE:1cxx_extended_friend_declarations
    Feature record: CXX_FEATURE:1cxx_extern_templates
    Feature record: CXX_FEATURE:1cxx_final
    Feature record: CXX_FEATURE:1cxx_func_identifier
    Feature record: CXX_FEATURE:1cxx_generalized_initializers
    Feature record: CXX_FEATURE:0cxx_generic_lambdas
    Feature record: CXX_FEATURE:1cxx_inheriting_constructors
    Feature record: CXX_FEATURE:1cxx_inline_namespaces
    Feature record: CXX_FEATURE:1cxx_lambdas
    Feature record: CXX_FEATURE:0cxx_lambda_init_captures
    Feature record: CXX_FEATURE:1cxx_local_type_template_args
    Feature record: CXX_FEATURE:1cxx_long_long_type
    Feature record: CXX_FEATURE:1cxx_noexcept
    Feature record: CXX_FEATURE:1cxx_nonstatic_member_init
    Feature record: CXX_FEATURE:1cxx_nullptr
    Feature record: CXX_FEATURE:1cxx_override
    Feature record: CXX_FEATURE:1cxx_range_for
    Feature record: CXX_FEATURE:1cxx_raw_string_literals
    Feature record: CXX_FEATURE:1cxx_reference_qualified_functions
    Feature record: CXX_FEATURE:0cxx_relaxed_constexpr
    Feature record: CXX_FEATURE:0cxx_return_type_deduction
    Feature record: CXX_FEATURE:1cxx_right_angle_brackets
    Feature record: CXX_FEATURE:1cxx_rvalue_references
    Feature record: CXX_FEATURE:1cxx_sizeof_member
    Feature record: CXX_FEATURE:1cxx_static_assert
    Feature record: CXX_FEATURE:1cxx_strong_enums
    Feature record: CXX_FEATURE:1cxx_template_template_parameters
    Feature record: CXX_FEATURE:0cxx_thread_local
    Feature record: CXX_FEATURE:1cxx_trailing_return_types
    Feature record: CXX_FEATURE:1cxx_unicode_literals
    Feature record: CXX_FEATURE:1cxx_uniform_initialization
    Feature record: CXX_FEATURE:1cxx_unrestricted_unions
    Feature record: CXX_FEATURE:1cxx_user_literals
    Feature record: CXX_FEATURE:0cxx_variable_templates
    Feature record: CXX_FEATURE:1cxx_variadic_macros
    Feature record: CXX_FEATURE:1cxx_variadic_templates


Detecting CXX [-std=c++98] compiler features compiled with the following output:
Change Dir: /Users/Kousik/meta/build/CMakeFiles/CMakeTmp

Run Build Command:"/usr/bin/make" "cmTC_1a4e0/fast"
/Library/Developer/CommandLineTools/usr/bin/make -f CMakeFiles/cmTC_1a4e0.dir/build.make CMakeFiles/cmTC_1a4e0.dir/build
Building CXX object CMakeFiles/cmTC_1a4e0.dir/feature_tests.cxx.o
/Library/Developer/CommandLineTools/usr/bin/clang++     -std=c++98 -o CMakeFiles/cmTC_1a4e0.dir/feature_tests.cxx.o -c /Users/Kousik/meta/build/CMakeFiles/feature_tests.cxx
Linking CXX executable cmTC_1a4e0
/usr/local/Cellar/cmake/3.6.2/bin/cmake -E cmake_link_script CMakeFiles/cmTC_1a4e0.dir/link.txt --verbose=1
/Library/Developer/CommandLineTools/usr/bin/clang++     -Wl,-search_paths_first -Wl,-headerpad_max_install_names   CMakeFiles/cmTC_1a4e0.dir/feature_tests.cxx.o  -o cmTC_1a4e0  


    Feature record: CXX_FEATURE:0cxx_aggregate_default_initializers
    Feature record: CXX_FEATURE:0cxx_alias_templates
    Feature record: CXX_FEATURE:0cxx_alignas
    Feature record: CXX_FEATURE:0cxx_alignof
    Feature record: CXX_FEATURE:0cxx_attributes
    Feature record: CXX_FEATURE:0cxx_attribute_deprecated
    Feature record: CXX_FEATURE:0cxx_auto_type
    Feature record: CXX_FEATURE:0cxx_binary_literals
    Feature record: CXX_FEATURE:0cxx_constexpr
    Feature record: CXX_FEATURE:0cxx_contextual_conversions
    Feature record: CXX_FEATURE:0cxx_decltype
    Feature record: CXX_FEATURE:0cxx_decltype_auto
    Feature record: CXX_FEATURE:0cxx_decltype_incomplete_return_types
    Feature record: CXX_FEATURE:0cxx_default_function_template_args
    Feature record: CXX_FEATURE:0cxx_defaulted_functions
    Feature record: CXX_FEATURE:0cxx_defaulted_move_initializers
    Feature record: CXX_FEATURE:0cxx_delegating_constructors
    Feature record: CXX_FEATURE:0cxx_deleted_functions
    Feature record: CXX_FEATURE:0cxx_digit_separators
    Feature record: CXX_FEATURE:0cxx_enum_forward_declarations
    Feature record: CXX_FEATURE:0cxx_explicit_conversions
    Feature record: CXX_FEATURE:0cxx_extended_friend_declarations
    Feature record: CXX_FEATURE:0cxx_extern_templates
    Feature record: CXX_FEATURE:0cxx_final
    Feature record: CXX_FEATURE:0cxx_func_identifier
    Feature record: CXX_FEATURE:0cxx_generalized_initializers
    Feature record: CXX_FEATURE:0cxx_generic_lambdas
    Feature record: CXX_FEATURE:0cxx_inheriting_constructors
    Feature record: CXX_FEATURE:0cxx_inline_namespaces
    Feature record: CXX_FEATURE:0cxx_lambdas
    Feature record: CXX_FEATURE:0cxx_lambda_init_captures
    Feature record: CXX_FEATURE:0cxx_local_type_template_args
    Feature record: CXX_FEATURE:0cxx_long_long_type
    Feature record: CXX_FEATURE:0cxx_noexcept
    Feature record: CXX_FEATURE:0cxx_nonstatic_member_init
    Feature record: CXX_FEATURE:0cxx_nullptr
    Feature record: CXX_FEATURE:0cxx_override
    Feature record: CXX_FEATURE:0cxx_range_for
    Feature record: CXX_FEATURE:0cxx_raw_string_literals
    Feature record: CXX_FEATURE:0cxx_reference_qualified_functions
    Feature record: CXX_FEATURE:0cxx_relaxed_constexpr
    Feature record: CXX_FEATURE:0cxx_return_type_deduction
    Feature record: CXX_FEATURE:0cxx_right_angle_brackets
    Feature record: CXX_FEATURE:0cxx_rvalue_references
    Feature record: CXX_FEATURE:0cxx_sizeof_member
    Feature record: CXX_FEATURE:0cxx_static_assert
    Feature record: CXX_FEATURE:0cxx_strong_enums
    Feature record: CXX_FEATURE:1cxx_template_template_parameters
    Feature record: CXX_FEATURE:0cxx_thread_local
    Feature record: CXX_FEATURE:0cxx_trailing_return_types
    Feature record: CXX_FEATURE:0cxx_unicode_literals
    Feature record: CXX_FEATURE:0cxx_uniform_initialization
    Feature record: CXX_FEATURE:0cxx_unrestricted_unions
    Feature record: CXX_FEATURE:0cxx_user_literals
    Feature record: CXX_FEATURE:0cxx_variable_templates
    Feature record: CXX_FEATURE:0cxx_variadic_macros
    Feature record: CXX_FEATURE:0cxx_variadic_templates
Determining if the include file pthread.h exists passed with the following output:
Change Dir: /Users/Kousik/meta/build/CMakeFiles/CMakeTmp

Run Build Command:"/usr/bin/make" "cmTC_d3434/fast"
/Library/Developer/CommandLineTools/usr/bin/make -f CMakeFiles/cmTC_d3434.dir/build.make CMakeFiles/cmTC_d3434.dir/build
Building C object CMakeFiles/cmTC_d3434.dir/CheckIncludeFile.c.o
/Library/Developer/CommandLineTools/usr/bin/cc     -o CMakeFiles/cmTC_d3434.dir/CheckIncludeFile.c.o   -c /Users/Kousik/meta/build/CMakeFiles/CMakeTmp/CheckIncludeFile.c
Linking C executable cmTC_d3434
/usr/local/Cellar/cmake/3.6.2/bin/cmake -E cmake_link_script CMakeFiles/cmTC_d3434.dir/link.txt --verbose=1
/Library/Developer/CommandLineTools/usr/bin/cc    -Wl,-search_paths_first -Wl,-headerpad_max_install_names   CMakeFiles/cmTC_d3434.dir/CheckIncludeFile.c.o  -o cmTC_d3434  


Determining if the pthread_create exist passed with the following output:
Change Dir: /Users/Kousik/meta/build/CMakeFiles/CMakeTmp

Run Build Command:"/usr/bin/make" "cmTC_7fa84/fast"
/Library/Developer/CommandLineTools/usr/bin/make -f CMakeFiles/cmTC_7fa84.dir/build.make CMakeFiles/cmTC_7fa84.dir/build
Building C object CMakeFiles/cmTC_7fa84.dir/CheckSymbolExists.c.o
/Library/Developer/CommandLineTools/usr/bin/cc     -o CMakeFiles/cmTC_7fa84.dir/CheckSymbolExists.c.o   -c /Users/Kousik/meta/build/CMakeFiles/CMakeTmp/CheckSymbolExists.c
Linking C executable cmTC_7fa84
/usr/local/Cellar/cmake/3.6.2/bin/cmake -E cmake_link_script CMakeFiles/cmTC_7fa84.dir/link.txt --verbose=1
/Library/Developer/CommandLineTools/usr/bin/cc    -Wl,-search_paths_first -Wl,-headerpad_max_install_names   CMakeFiles/cmTC_7fa84.dir/CheckSymbolExists.c.o  -o cmTC_7fa84  

File /Users/Kousik/meta/build/CMakeFiles/CMakeTmp/CheckSymbolExists.c:
/* */
#include <pthread.h>

int main(int argc, char** argv)
{
  (void)argv;
#ifndef pthread_create
  return ((int*)(&pthread_create))[argc];
#else
  (void)argc;
  return 0;
#endif
}

Performing C++ SOURCE FILE Test META_HAS_POSIX_MEMALIGN succeeded with the following output:
Change Dir: /Users/Kousik/meta/build/CMakeFiles/CMakeTmp

Run Build Command:"/usr/bin/make" "cmTC_11cf4/fast"
/Library/Developer/CommandLineTools/usr/bin/make -f CMakeFiles/cmTC_11cf4.dir/build.make CMakeFiles/cmTC_11cf4.dir/build
Building CXX object CMakeFiles/cmTC_11cf4.dir/src.cxx.o
/Library/Developer/CommandLineTools/usr/bin/clang++    -I/Library/Developer/CommandLineTools/usr/include/c++/v1  -DMETA_HAS_POSIX_MEMALIGN  -std=c++1y -stdlib=libc++ -stdlib=libc++ /usr/lib/libc++abi.dylib -L/usr/lib /usr/lib/libdl.dylib   -o CMakeFiles/cmTC_11cf4.dir/src.cxx.o -c /Users/Kousik/meta/build/CMakeFiles/CMakeTmp/src.cxx
clang: warning: /usr/lib/libc++abi.dylib: 'linker' input unused
clang: warning: /usr/lib/libdl.dylib: 'linker' input unused
clang: warning: argument unused during compilation: '-L/usr/lib'
Linking CXX executable cmTC_11cf4
/usr/local/Cellar/cmake/3.6.2/bin/cmake -E cmake_link_script CMakeFiles/cmTC_11cf4.dir/link.txt --verbose=1
/Library/Developer/CommandLineTools/usr/bin/clang++    -DMETA_HAS_POSIX_MEMALIGN  -std=c++1y -stdlib=libc++ -stdlib=libc++ /usr/lib/libc++abi.dylib -L/usr/lib /usr/lib/libdl.dylib -Wl,-search_paths_first -Wl,-headerpad_max_install_names   CMakeFiles/cmTC_11cf4.dir/src.cxx.o  -o cmTC_11cf4  

Source file was:

  #include <cstdlib>

  int main()
  {
      void* ptr;
      ::posix_memalign(&ptr, 64, 128);
      return 0;
  }
Performing C++ SOURCE FILE Test META_HAS_BUILTIN_EXPECT succeeded with the following output:
Change Dir: /Users/Kousik/meta/build/CMakeFiles/CMakeTmp

Run Build Command:"/usr/bin/make" "cmTC_3f65d/fast"
/Library/Developer/CommandLineTools/usr/bin/make -f CMakeFiles/cmTC_3f65d.dir/build.make CMakeFiles/cmTC_3f65d.dir/build
Building CXX object CMakeFiles/cmTC_3f65d.dir/src.cxx.o
/Library/Developer/CommandLineTools/usr/bin/clang++    -I/Library/Developer/CommandLineTools/usr/include/c++/v1  -DMETA_HAS_BUILTIN_EXPECT  -std=c++1y -stdlib=libc++ -stdlib=libc++ /usr/lib/libc++abi.dylib -L/usr/lib /usr/lib/libdl.dylib   -o CMakeFiles/cmTC_3f65d.dir/src.cxx.o -c /Users/Kousik/meta/build/CMakeFiles/CMakeTmp/src.cxx
clang: warning: /usr/lib/libc++abi.dylib: 'linker' input unused
clang: warning: /usr/lib/libdl.dylib: 'linker' input unused
clang: warning: argument unused during compilation: '-L/usr/lib'
Linking CXX executable cmTC_3f65d
/usr/local/Cellar/cmake/3.6.2/bin/cmake -E cmake_link_script CMakeFiles/cmTC_3f65d.dir/link.txt --verbose=1
/Library/Developer/CommandLineTools/usr/bin/clang++    -DMETA_HAS_BUILTIN_EXPECT  -std=c++1y -stdlib=libc++ -stdlib=libc++ /usr/lib/libc++abi.dylib -L/usr/lib /usr/lib/libdl.dylib -Wl,-search_paths_first -Wl,-headerpad_max_install_names   CMakeFiles/cmTC_3f65d.dir/src.cxx.o  -o cmTC_3f65d  

Source file was:

int main()
{
    long x = 1;
    if (__builtin_expect(x == 1, 0))
        return 1;
    return 0;
}
Performing C++ SOURCE FILE Test META_HAS_EXPERIMENTAL_OPTIONAL succeeded with the following output:
Change Dir: /Users/Kousik/meta/build/CMakeFiles/CMakeTmp

Run Build Command:"/usr/bin/make" "cmTC_1c1e7/fast"
/Library/Developer/CommandLineTools/usr/bin/make -f CMakeFiles/cmTC_1c1e7.dir/build.make CMakeFiles/cmTC_1c1e7.dir/build
Building CXX object CMakeFiles/cmTC_1c1e7.dir/src.cxx.o
/Library/Developer/CommandLineTools/usr/bin/clang++    -I/Library/Developer/CommandLineTools/usr/include/c++/v1  -DMETA_HAS_EXPERIMENTAL_OPTIONAL  -std=c++1y -stdlib=libc++ -stdlib=libc++ /usr/lib/libc++abi.dylib -L/usr/lib /usr/lib/libdl.dylib   -o CMakeFiles/cmTC_1c1e7.dir/src.cxx.o -c /Users/Kousik/meta/build/CMakeFiles/CMakeTmp/src.cxx
clang: warning: /usr/lib/libc++abi.dylib: 'linker' input unused
clang: warning: /usr/lib/libdl.dylib: 'linker' input unused
clang: warning: argument unused during compilation: '-L/usr/lib'
Linking CXX executable cmTC_1c1e7
/usr/local/Cellar/cmake/3.6.2/bin/cmake -E cmake_link_script CMakeFiles/cmTC_1c1e7.dir/link.txt --verbose=1
/Library/Developer/CommandLineTools/usr/bin/clang++    -DMETA_HAS_EXPERIMENTAL_OPTIONAL  -std=c++1y -stdlib=libc++ -stdlib=libc++ /usr/lib/libc++abi.dylib -L/usr/lib /usr/lib/libdl.dylib -Wl,-search_paths_first -Wl,-headerpad_max_install_names   CMakeFiles/cmTC_1c1e7.dir/src.cxx.o  -o cmTC_1c1e7  

Source file was:

#include <experimental/optional>
int main() {
    std::experimental::optional<int> x;
    return 0;
}
Performing C++ SOURCE FILE Test META_HAS_STD_MAKE_UNIQUE succeeded with the following output:
Change Dir: /Users/Kousik/meta/build/CMakeFiles/CMakeTmp

Run Build Command:"/usr/bin/make" "cmTC_f2fc9/fast"
/Library/Developer/CommandLineTools/usr/bin/make -f CMakeFiles/cmTC_f2fc9.dir/build.make CMakeFiles/cmTC_f2fc9.dir/build
Building CXX object CMakeFiles/cmTC_f2fc9.dir/src.cxx.o
/Library/Developer/CommandLineTools/usr/bin/clang++    -I/Library/Developer/CommandLineTools/usr/include/c++/v1  -DMETA_HAS_STD_MAKE_UNIQUE  -std=c++1y -stdlib=libc++ -stdlib=libc++ /usr/lib/libc++abi.dylib -L/usr/lib /usr/lib/libdl.dylib   -o CMakeFiles/cmTC_f2fc9.dir/src.cxx.o -c /Users/Kousik/meta/build/CMakeFiles/CMakeTmp/src.cxx
clang: warning: /usr/lib/libc++abi.dylib: 'linker' input unused
clang: warning: /usr/lib/libdl.dylib: 'linker' input unused
clang: warning: argument unused during compilation: '-L/usr/lib'
Linking CXX executable cmTC_f2fc9
/usr/local/Cellar/cmake/3.6.2/bin/cmake -E cmake_link_script CMakeFiles/cmTC_f2fc9.dir/link.txt --verbose=1
/Library/Developer/CommandLineTools/usr/bin/clang++    -DMETA_HAS_STD_MAKE_UNIQUE  -std=c++1y -stdlib=libc++ -stdlib=libc++ /usr/lib/libc++abi.dylib -L/usr/lib /usr/lib/libdl.dylib -Wl,-search_paths_first -Wl,-headerpad_max_install_names   CMakeFiles/cmTC_f2fc9.dir/src.cxx.o  -o cmTC_f2fc9  

Source file was:

#include <memory>
int main() {
    auto i = std::make_unique<int>(1);
    return 0;
}
Performing C++ SOURCE FILE Test META_HAS_STD_SHARED_PTR_ATOMICS succeeded with the following output:
Change Dir: /Users/Kousik/meta/build/CMakeFiles/CMakeTmp

Run Build Command:"/usr/bin/make" "cmTC_cb20f/fast"
/Library/Developer/CommandLineTools/usr/bin/make -f CMakeFiles/cmTC_cb20f.dir/build.make CMakeFiles/cmTC_cb20f.dir/build
Building CXX object CMakeFiles/cmTC_cb20f.dir/src.cxx.o
/Library/Developer/CommandLineTools/usr/bin/clang++    -I/Library/Developer/CommandLineTools/usr/include/c++/v1  -DMETA_HAS_STD_SHARED_PTR_ATOMICS  -std=c++1y -stdlib=libc++ -stdlib=libc++ /usr/lib/libc++abi.dylib -L/usr/lib /usr/lib/libdl.dylib   -o CMakeFiles/cmTC_cb20f.dir/src.cxx.o -c /Users/Kousik/meta/build/CMakeFiles/CMakeTmp/src.cxx
clang: warning: /usr/lib/libc++abi.dylib: 'linker' input unused
clang: warning: /usr/lib/libdl.dylib: 'linker' input unused
clang: warning: argument unused during compilation: '-L/usr/lib'
Linking CXX executable cmTC_cb20f
/usr/local/Cellar/cmake/3.6.2/bin/cmake -E cmake_link_script CMakeFiles/cmTC_cb20f.dir/link.txt --verbose=1
/Library/Developer/CommandLineTools/usr/bin/clang++    -DMETA_HAS_STD_SHARED_PTR_ATOMICS  -std=c++1y -stdlib=libc++ -stdlib=libc++ /usr/lib/libc++abi.dylib -L/usr/lib /usr/lib/libdl.dylib -Wl,-search_paths_first -Wl,-headerpad_max_install_names   CMakeFiles/cmTC_cb20f.dir/src.cxx.o  -o cmTC_cb20f  

Source file was:

#include <atomic>
#include <memory>
int main () {
    auto sp = std::make_shared<int>(1);
    auto sp2 = std::atomic_load(&sp);
    return 0;
}
Performing C++ SOURCE FILE Test CPPTOML_HAS_STD_PUT_TIME succeeded with the following output:
Change Dir: /Users/Kousik/meta/build/CMakeFiles/CMakeTmp

Run Build Command:"/usr/bin/make" "cmTC_c4132/fast"
/Library/Developer/CommandLineTools/usr/bin/make -f CMakeFiles/cmTC_c4132.dir/build.make CMakeFiles/cmTC_c4132.dir/build
Building CXX object CMakeFiles/cmTC_c4132.dir/src.cxx.o
/Library/Developer/CommandLineTools/usr/bin/clang++     -Wall -pedantic -DCPPTOML_HAS_STD_PUT_TIME  -std=c++11   -o CMakeFiles/cmTC_c4132.dir/src.cxx.o -c /Users/Kousik/meta/build/CMakeFiles/CMakeTmp/src.cxx
Linking CXX executable cmTC_c4132
/usr/local/Cellar/cmake/3.6.2/bin/cmake -E cmake_link_script CMakeFiles/cmTC_c4132.dir/link.txt --verbose=1
/Library/Developer/CommandLineTools/usr/bin/clang++    -Wall -pedantic -DCPPTOML_HAS_STD_PUT_TIME  -std=c++11 -Wl,-search_paths_first -Wl,-headerpad_max_install_names   CMakeFiles/cmTC_c4132.dir/src.cxx.o  -o cmTC_c4132  

Source file was:

#include <iomanip>
int main() {
    std::tm t;
    std::put_time(&t, "%Y");
    return 0;
}
Performing C++ SOURCE FILE Test CPPTOML_HAS_STD_REGEX succeeded with the following output:
Change Dir: /Users/Kousik/meta/build/CMakeFiles/CMakeTmp

Run Build Command:"/usr/bin/make" "cmTC_d409e/fast"
/Library/Developer/CommandLineTools/usr/bin/make -f CMakeFiles/cmTC_d409e.dir/build.make CMakeFiles/cmTC_d409e.dir/build
Building CXX object CMakeFiles/cmTC_d409e.dir/src.cxx.o
/Library/Developer/CommandLineTools/usr/bin/clang++     -Wall -pedantic -DCPPTOML_HAS_STD_REGEX  -std=c++11   -o CMakeFiles/cmTC_d409e.dir/src.cxx.o -c /Users/Kousik/meta/build/CMakeFiles/CMakeTmp/src.cxx
Linking CXX executable cmTC_d409e
/usr/local/Cellar/cmake/3.6.2/bin/cmake -E cmake_link_script CMakeFiles/cmTC_d409e.dir/link.txt --verbose=1
/Library/Developer/CommandLineTools/usr/bin/clang++    -Wall -pedantic -DCPPTOML_HAS_STD_REGEX  -std=c++11 -Wl,-search_paths_first -Wl,-headerpad_max_install_names   CMakeFiles/cmTC_d409e.dir/src.cxx.o  -o cmTC_d409e  

Return value: 1
Source file was:

#include <cstring>
#include <ctime>
#include <regex>
int main() {
    std::string to_match = "2014-02-05T14:30:05Z";
    std::regex pattern{"(\\d{4})-(\\d{2})-(\\d{2})T(\\d{2}):(\\d{2}):(\\d{2})Z"};
    std::match_results<std::string::const_iterator> results;
    std::regex_match(to_match, results, pattern);

    std::tm date;
    std::memset(&date, '\0', sizeof(date));
    date.tm_year = stoi(results[1]) - 1900;
    date.tm_mon = stoi(results[2]) - 1;
    date.tm_mday = stoi(results[3]);
    date.tm_hour = stoi(results[4]);
    date.tm_min = stoi(results[5]);
    date.tm_sec = stoi(results[6]);
    return 0;
}
